Start testing: Apr 01 01:47 PDT
----------------------------------------------------------
18/169 Testing: t_strm_reassem_single
18/169 Test: t_strm_reassem_single
Command: "/home/cs144/sponge/build/tests/fsm_stream_reassembler_single"
Directory: /home/cs144/sponge/build
"t_strm_reassem_single" start time: Apr 01 01:47 PDT
Output:
----------------------------------------------------------
<end of output>
Test time =   0.01 sec
----------------------------------------------------------
Test Passed.
"t_strm_reassem_single" end time: Apr 01 01:47 PDT
"t_strm_reassem_single" time elapsed: 00:00:00
----------------------------------------------------------

19/169 Testing: t_strm_reassem_seq
19/169 Test: t_strm_reassem_seq
Command: "/home/cs144/sponge/build/tests/fsm_stream_reassembler_seq"
Directory: /home/cs144/sponge/build
"t_strm_reassem_seq" start time: Apr 01 01:47 PDT
Output:
----------------------------------------------------------
<end of output>
Test time =   0.01 sec
----------------------------------------------------------
Test Passed.
"t_strm_reassem_seq" end time: Apr 01 01:47 PDT
"t_strm_reassem_seq" time elapsed: 00:00:00
----------------------------------------------------------

20/169 Testing: t_strm_reassem_dup
20/169 Test: t_strm_reassem_dup
Command: "/home/cs144/sponge/build/tests/fsm_stream_reassembler_dup"
Directory: /home/cs144/sponge/build
"t_strm_reassem_dup" start time: Apr 01 01:47 PDT
Output:
----------------------------------------------------------
<end of output>
Test time =   0.01 sec
----------------------------------------------------------
Test Passed.
"t_strm_reassem_dup" end time: Apr 01 01:47 PDT
"t_strm_reassem_dup" time elapsed: 00:00:00
----------------------------------------------------------

21/169 Testing: t_strm_reassem_holes
21/169 Test: t_strm_reassem_holes
Command: "/home/cs144/sponge/build/tests/fsm_stream_reassembler_holes"
Directory: /home/cs144/sponge/build
"t_strm_reassem_holes" start time: Apr 01 01:47 PDT
Output:
----------------------------------------------------------
Test Failure on expectation:
	Expectation: at EOF

Failure message:
	The reassembler was expected to be at EOF, but was not

List of steps that executed successfully:
	Initialized (capacity = 65000)
	Action:      substring submitted with data "b", index `1`, eof `1`
	Expectation: net bytes assembled = 0
	Expectation: stream_out().buffer_size() returned 0, and stream_out().read(0) returned the string ""
	Expectation: not at EOF
	Action:      substring submitted with data "a", index `0`, eof `0`
	Expectation: net bytes assembled = 2
	Expectation: stream_out().buffer_size() returned 2, and stream_out().read(2) returned the string "ab"

Exception: The reassembler was expected to be at EOF, but was not
<end of output>
Test time =   0.00 sec
----------------------------------------------------------
Test Failed.
"t_strm_reassem_holes" end time: Apr 01 01:47 PDT
"t_strm_reassem_holes" time elapsed: 00:00:00
----------------------------------------------------------

22/169 Testing: t_strm_reassem_many
22/169 Test: t_strm_reassem_many
Command: "/home/cs144/sponge/build/tests/fsm_stream_reassembler_many"
Directory: /home/cs144/sponge/build
"t_strm_reassem_many" start time: Apr 01 01:47 PDT
Output:
----------------------------------------------------------
<end of output>
Test time =   1.98 sec
----------------------------------------------------------
Test Failed.
"t_strm_reassem_many" end time: Apr 01 01:47 PDT
"t_strm_reassem_many" time elapsed: 00:00:01
----------------------------------------------------------

23/169 Testing: t_strm_reassem_overlapping
23/169 Test: t_strm_reassem_overlapping
Command: "/home/cs144/sponge/build/tests/fsm_stream_reassembler_overlapping"
Directory: /home/cs144/sponge/build
"t_strm_reassem_overlapping" start time: Apr 01 01:47 PDT
Output:
----------------------------------------------------------
<end of output>
Test time =   0.10 sec
----------------------------------------------------------
Test Failed.
"t_strm_reassem_overlapping" end time: Apr 01 01:47 PDT
"t_strm_reassem_overlapping" time elapsed: 00:00:00
----------------------------------------------------------

24/169 Testing: t_strm_reassem_win
24/169 Test: t_strm_reassem_win
Command: "/home/cs144/sponge/build/tests/fsm_stream_reassembler_win"
Directory: /home/cs144/sponge/build
"t_strm_reassem_win" start time: Apr 01 01:47 PDT
Output:
----------------------------------------------------------
<end of output>
Test time =   0.10 sec
----------------------------------------------------------
Test Failed.
"t_strm_reassem_win" end time: Apr 01 01:47 PDT
"t_strm_reassem_win" time elapsed: 00:00:00
----------------------------------------------------------

25/169 Testing: t_strm_reassem_cap
25/169 Test: t_strm_reassem_cap
Command: "/home/cs144/sponge/build/tests/fsm_stream_reassembler_cap"
Directory: /home/cs144/sponge/build
"t_strm_reassem_cap" start time: Apr 01 01:47 PDT
Output:
----------------------------------------------------------
Test Failure on expectation:
	Expectation: at EOF

Failure message:
	The reassembler was expected to be at EOF, but was not

List of steps that executed successfully:
	Initialized (capacity = 8)
	Action:      substring submitted with data "a", index `0`, eof `0`
	Expectation: net bytes assembled = 1
	Expectation: stream_out().buffer_size() returned 1, and stream_out().read(1) returned the string "a"
	Expectation: not at EOF
	Action:      substring submitted with data "bc", index `1`, eof `0`
	Expectation: net bytes assembled = 3
	Expectation: not at EOF
	Action:      substring submitted with data "ghi", index `6`, eof `1`
	Expectation: net bytes assembled = 3
	Expectation: not at EOF
	Action:      substring submitted with data "cdefg", index `2`, eof `0`
	Expectation: net bytes assembled = 9
	Expectation: stream_out().buffer_size() returned 8, and stream_out().read(8) returned the string "bcdefghi"

Exception: The reassembler was expected to be at EOF, but was not
<end of output>
Test time =   0.00 sec
----------------------------------------------------------
Test Failed.
"t_strm_reassem_cap" end time: Apr 01 01:47 PDT
"t_strm_reassem_cap" time elapsed: 00:00:00
----------------------------------------------------------

26/169 Testing: t_byte_stream_construction
26/169 Test: t_byte_stream_construction
Command: "/home/cs144/sponge/build/tests/byte_stream_construction"
Directory: /home/cs144/sponge/build
"t_byte_stream_construction" start time: Apr 01 01:47 PDT
Output:
----------------------------------------------------------
<end of output>
Test time =   0.00 sec
----------------------------------------------------------
Test Passed.
"t_byte_stream_construction" end time: Apr 01 01:47 PDT
"t_byte_stream_construction" time elapsed: 00:00:00
----------------------------------------------------------

27/169 Testing: t_byte_stream_one_write
27/169 Test: t_byte_stream_one_write
Command: "/home/cs144/sponge/build/tests/byte_stream_one_write"
Directory: /home/cs144/sponge/build
"t_byte_stream_one_write" start time: Apr 01 01:47 PDT
Output:
----------------------------------------------------------
<end of output>
Test time =   0.00 sec
----------------------------------------------------------
Test Passed.
"t_byte_stream_one_write" end time: Apr 01 01:47 PDT
"t_byte_stream_one_write" time elapsed: 00:00:00
----------------------------------------------------------

28/169 Testing: t_byte_stream_two_writes
28/169 Test: t_byte_stream_two_writes
Command: "/home/cs144/sponge/build/tests/byte_stream_two_writes"
Directory: /home/cs144/sponge/build
"t_byte_stream_two_writes" start time: Apr 01 01:47 PDT
Output:
----------------------------------------------------------
<end of output>
Test time =   0.00 sec
----------------------------------------------------------
Test Passed.
"t_byte_stream_two_writes" end time: Apr 01 01:47 PDT
"t_byte_stream_two_writes" time elapsed: 00:00:00
----------------------------------------------------------

29/169 Testing: t_byte_stream_capacity
29/169 Test: t_byte_stream_capacity
Command: "/home/cs144/sponge/build/tests/byte_stream_capacity"
Directory: /home/cs144/sponge/build
"t_byte_stream_capacity" start time: Apr 01 01:47 PDT
Output:
----------------------------------------------------------
<end of output>
Test time =   0.32 sec
----------------------------------------------------------
Test Passed.
"t_byte_stream_capacity" end time: Apr 01 01:47 PDT
"t_byte_stream_capacity" time elapsed: 00:00:00
----------------------------------------------------------

30/169 Testing: t_byte_stream_many_writes
30/169 Test: t_byte_stream_many_writes
Command: "/home/cs144/sponge/build/tests/byte_stream_many_writes"
Directory: /home/cs144/sponge/build
"t_byte_stream_many_writes" start time: Apr 01 01:47 PDT
Output:
----------------------------------------------------------
<end of output>
Test time =   0.02 sec
----------------------------------------------------------
Test Passed.
"t_byte_stream_many_writes" end time: Apr 01 01:47 PDT
"t_byte_stream_many_writes" time elapsed: 00:00:00
----------------------------------------------------------

53/169 Testing: t_address_dt
53/169 Test: t_address_dt
Command: "/home/cs144/sponge/build/doctests/address_dt"
Directory: /home/cs144/sponge/build
"t_address_dt" start time: Apr 01 01:47 PDT
Output:
----------------------------------------------------------
<end of output>
Test time =   0.05 sec
----------------------------------------------------------
Test Passed.
"t_address_dt" end time: Apr 01 01:47 PDT
"t_address_dt" time elapsed: 00:00:00
----------------------------------------------------------

54/169 Testing: t_parser_dt
54/169 Test: t_parser_dt
Command: "/home/cs144/sponge/build/doctests/parser_dt"
Directory: /home/cs144/sponge/build
"t_parser_dt" start time: Apr 01 01:47 PDT
Output:
----------------------------------------------------------
<end of output>
Test time =   0.00 sec
----------------------------------------------------------
Test Passed.
"t_parser_dt" end time: Apr 01 01:47 PDT
"t_parser_dt" time elapsed: 00:00:00
----------------------------------------------------------

55/169 Testing: t_socket_dt
55/169 Test: t_socket_dt
Command: "/home/cs144/sponge/build/doctests/socket_dt"
Directory: /home/cs144/sponge/build
"t_socket_dt" start time: Apr 01 01:47 PDT
Output:
----------------------------------------------------------
<end of output>
Test time =   0.00 sec
----------------------------------------------------------
Test Passed.
"t_socket_dt" end time: Apr 01 01:47 PDT
"t_socket_dt" time elapsed: 00:00:00
----------------------------------------------------------

End testing: Apr 01 01:47 PDT
